<?xml version="1.0" encoding="UTF-8" ?>
<testsuite failures="0" time="4.651" errors="0" skipped="0" tests="3" name="pageObjectTest.login.OscarLoginTest">
  <properties>
    <property name="java.runtime.name" value="Java(TM) SE Runtime Environment"/>
    <property name="sun.boot.library.path" value="/usr/lib/jvm/java-6-sun-1.6.0.32/jre/lib/amd64"/>
    <property name="java.vm.version" value="20.7-b02"/>
    <property name="java.vm.vendor" value="Sun Microsystems Inc."/>
    <property name="java.vendor.url" value="http://java.sun.com/"/>
    <property name="path.separator" value=":"/>
    <property name="java.vm.name" value="Java HotSpot(TM) 64-Bit Server VM"/>
    <property name="file.encoding.pkg" value="sun.io"/>
    <property name="user.country" value="CA"/>
    <property name="sun.java.launcher" value="SUN_STANDARD"/>
    <property name="sun.os.patch.level" value="unknown"/>
    <property name="java.vm.specification.name" value="Java Virtual Machine Specification"/>
    <property name="user.dir" value="/home/oscar2012/workspace2/OscarSeleniumMvn"/>
    <property name="java.runtime.version" value="1.6.0_32-b05"/>
    <property name="java.awt.graphicsenv" value="sun.awt.X11GraphicsEnvironment"/>
    <property name="basedir" value="/home/oscar2012/workspace2/OscarSeleniumMvn"/>
    <property name="java.endorsed.dirs" value="/usr/lib/jvm/java-6-sun-1.6.0.32/jre/lib/endorsed"/>
    <property name="os.arch" value="amd64"/>
    <property name="surefire.real.class.path" value="/tmp/surefirebooter7475295811851762612.jar"/>
    <property name="java.io.tmpdir" value="/tmp"/>
    <property name="line.separator" value="
"/>
    <property name="java.vm.specification.vendor" value="Sun Microsystems Inc."/>
    <property name="os.name" value="Linux"/>
    <property name="sun.jnu.encoding" value="UTF-8"/>
    <property name="java.library.path" value="/usr/lib/jvm/java-6-sun-1.6.0.32/jre/lib/amd64/server:/usr/lib/jvm/java-6-sun-1.6.0.32/jre/lib/amd64:/usr/lib/jvm/java-6-sun-1.6.0.32/jre/../lib/amd64:/usr/java/packages/lib/amd64:/usr/lib64:/lib64:/lib:/usr/lib"/>
    <property name="surefire.test.class.path" value="/home/oscar2012/workspace2/OscarSeleniumMvn/target/test-classes:/home/oscar2012/workspace2/OscarSeleniumMvn/target/classes:/home/oscar2012/.m2/repository/org/seleniumhq/selenium/selenium-server/2.25.0/selenium-server-2.25.0.jar:/home/oscar2012/.m2/repository/org/bouncycastle/bcprov-jdk15on/1.47/bcprov-jdk15on-1.47.jar:/home/oscar2012/.m2/repository/org/bouncycastle/bcpkix-jdk15on/1.47/bcpkix-jdk15on-1.47.jar:/home/oscar2012/.m2/repository/mx4j/mx4j-tools/3.0.1/mx4j-tools-3.0.1.jar:/home/oscar2012/.m2/repository/org/mortbay/jetty/servlet-api-2.5/6.1.9/servlet-api-2.5-6.1.9.jar:/home/oscar2012/.m2/repository/org/seleniumhq/selenium/jetty-repacked/7.6.1/jetty-repacked-7.6.1.jar:/home/oscar2012/.m2/repository/net/jcip/jcip-annotations/1.0/jcip-annotations-1.0.jar:/home/oscar2012/.m2/repository/org/seleniumhq/selenium/selenium-java/2.25.0/selenium-java-2.25.0.jar:/home/oscar2012/.m2/repository/org/seleniumhq/selenium/selenium-android-driver/2.25.0/selenium-android-driver-2.25.0.jar:/home/oscar2012/.m2/repository/org/seleniumhq/selenium/selenium-remote-driver/2.25.0/selenium-remote-driver-2.25.0.jar:/home/oscar2012/.m2/repository/cglib/cglib-nodep/2.1_3/cglib-nodep-2.1_3.jar:/home/oscar2012/.m2/repository/org/json/json/20080701/json-20080701.jar:/home/oscar2012/.m2/repository/org/seleniumhq/selenium/selenium-api/2.25.0/selenium-api-2.25.0.jar:/home/oscar2012/.m2/repository/com/google/guava/guava/12.0.1/guava-12.0.1.jar:/home/oscar2012/.m2/repository/com/google/code/findbugs/jsr305/1.3.9/jsr305-1.3.9.jar:/home/oscar2012/.m2/repository/org/apache/httpcomponents/httpclient/4.1.2/httpclient-4.1.2.jar:/home/oscar2012/.m2/repository/org/apache/httpcomponents/httpcore/4.1.2/httpcore-4.1.2.jar:/home/oscar2012/.m2/repository/commons-logging/commons-logging/1.1.1/commons-logging-1.1.1.jar:/home/oscar2012/.m2/repository/commons-codec/commons-codec/1.6/commons-codec-1.6.jar:/home/oscar2012/.m2/repository/org/apache/commons/commons-exec/1.1/commons-exec-1.1.jar:/home/oscar2012/.m2/repository/net/java/dev/jna/jna/3.4.0/jna-3.4.0.jar:/home/oscar2012/.m2/repository/net/java/dev/jna/platform/3.4.0/platform-3.4.0.jar:/home/oscar2012/.m2/repository/org/seleniumhq/selenium/selenium-chrome-driver/2.25.0/selenium-chrome-driver-2.25.0.jar:/home/oscar2012/.m2/repository/org/seleniumhq/selenium/selenium-htmlunit-driver/2.25.0/selenium-htmlunit-driver-2.25.0.jar:/home/oscar2012/.m2/repository/net/sourceforge/htmlunit/htmlunit/2.9/htmlunit-2.9.jar:/home/oscar2012/.m2/repository/xalan/xalan/2.7.1/xalan-2.7.1.jar:/home/oscar2012/.m2/repository/xalan/serializer/2.7.1/serializer-2.7.1.jar:/home/oscar2012/.m2/repository/xml-apis/xml-apis/1.3.04/xml-apis-1.3.04.jar:/home/oscar2012/.m2/repository/commons-collections/commons-collections/3.2.1/commons-collections-3.2.1.jar:/home/oscar2012/.m2/repository/commons-lang/commons-lang/2.6/commons-lang-2.6.jar:/home/oscar2012/.m2/repository/org/apache/httpcomponents/httpmime/4.1.2/httpmime-4.1.2.jar:/home/oscar2012/.m2/repository/net/sourceforge/htmlunit/htmlunit-core-js/2.9/htmlunit-core-js-2.9.jar:/home/oscar2012/.m2/repository/xerces/xercesImpl/2.9.1/xercesImpl-2.9.1.jar:/home/oscar2012/.m2/repository/net/sourceforge/nekohtml/nekohtml/1.9.15/nekohtml-1.9.15.jar:/home/oscar2012/.m2/repository/net/sourceforge/cssparser/cssparser/0.9.5/cssparser-0.9.5.jar:/home/oscar2012/.m2/repository/org/w3c/css/sac/1.3/sac-1.3.jar:/home/oscar2012/.m2/repository/commons-io/commons-io/2.0.1/commons-io-2.0.1.jar:/home/oscar2012/.m2/repository/org/seleniumhq/selenium/selenium-firefox-driver/2.25.0/selenium-firefox-driver-2.25.0.jar:/home/oscar2012/.m2/repository/org/seleniumhq/selenium/selenium-ie-driver/2.25.0/selenium-ie-driver-2.25.0.jar:/home/oscar2012/.m2/repository/org/seleniumhq/selenium/selenium-iphone-driver/2.25.0/selenium-iphone-driver-2.25.0.jar:/home/oscar2012/.m2/repository/org/seleniumhq/selenium/selenium-safari-driver/2.25.0/selenium-safari-driver-2.25.0.jar:/home/oscar2012/.m2/repository/org/webbitserver/webbit/0.4.6/webbit-0.4.6.jar:/home/oscar2012/.m2/repository/org/jboss/netty/netty/3.2.7.Final/netty-3.2.7.Final.jar:/home/oscar2012/.m2/repository/org/seleniumhq/selenium/selenium-support/2.25.0/selenium-support-2.25.0.jar:/home/oscar2012/.m2/repository/org/yaml/snakeyaml/1.8/snakeyaml-1.8.jar:/home/oscar2012/.m2/repository/com/opera/operadriver/0.16/operadriver-0.16.jar:/home/oscar2012/.m2/repository/com/opera/operalaunchers/1.0/operalaunchers-1.0.jar:/home/oscar2012/.m2/repository/com/google/protobuf/protobuf-java/2.4.1/protobuf-java-2.4.1.jar:/home/oscar2012/.m2/repository/commons-jxpath/commons-jxpath/1.3/commons-jxpath-1.3.jar:/home/oscar2012/.m2/repository/org/ini4j/ini4j/0.5.2/ini4j-0.5.2.jar:/home/oscar2012/.m2/repository/junit/junit/4.10/junit-4.10.jar:/home/oscar2012/.m2/repository/org/hamcrest/hamcrest-core/1.1/hamcrest-core-1.1.jar:"/>
    <property name="java.specification.name" value="Java Platform API Specification"/>
    <property name="java.class.version" value="50.0"/>
    <property name="sun.management.compiler" value="HotSpot 64-Bit Tiered Compilers"/>
    <property name="os.version" value="3.2.0-29-generic"/>
    <property name="user.home" value="/home/oscar2012"/>
    <property name="user.timezone" value=""/>
    <property name="java.awt.printerjob" value="sun.print.PSPrinterJob"/>
    <property name="file.encoding" value="UTF-8"/>
    <property name="java.specification.version" value="1.6"/>
    <property name="user.name" value="oscar2012"/>
    <property name="java.class.path" value="/home/oscar2012/workspace2/OscarSeleniumMvn/target/test-classes:/home/oscar2012/workspace2/OscarSeleniumMvn/target/classes:/home/oscar2012/.m2/repository/org/seleniumhq/selenium/selenium-server/2.25.0/selenium-server-2.25.0.jar:/home/oscar2012/.m2/repository/org/bouncycastle/bcprov-jdk15on/1.47/bcprov-jdk15on-1.47.jar:/home/oscar2012/.m2/repository/org/bouncycastle/bcpkix-jdk15on/1.47/bcpkix-jdk15on-1.47.jar:/home/oscar2012/.m2/repository/mx4j/mx4j-tools/3.0.1/mx4j-tools-3.0.1.jar:/home/oscar2012/.m2/repository/org/mortbay/jetty/servlet-api-2.5/6.1.9/servlet-api-2.5-6.1.9.jar:/home/oscar2012/.m2/repository/org/seleniumhq/selenium/jetty-repacked/7.6.1/jetty-repacked-7.6.1.jar:/home/oscar2012/.m2/repository/net/jcip/jcip-annotations/1.0/jcip-annotations-1.0.jar:/home/oscar2012/.m2/repository/org/seleniumhq/selenium/selenium-java/2.25.0/selenium-java-2.25.0.jar:/home/oscar2012/.m2/repository/org/seleniumhq/selenium/selenium-android-driver/2.25.0/selenium-android-driver-2.25.0.jar:/home/oscar2012/.m2/repository/org/seleniumhq/selenium/selenium-remote-driver/2.25.0/selenium-remote-driver-2.25.0.jar:/home/oscar2012/.m2/repository/cglib/cglib-nodep/2.1_3/cglib-nodep-2.1_3.jar:/home/oscar2012/.m2/repository/org/json/json/20080701/json-20080701.jar:/home/oscar2012/.m2/repository/org/seleniumhq/selenium/selenium-api/2.25.0/selenium-api-2.25.0.jar:/home/oscar2012/.m2/repository/com/google/guava/guava/12.0.1/guava-12.0.1.jar:/home/oscar2012/.m2/repository/com/google/code/findbugs/jsr305/1.3.9/jsr305-1.3.9.jar:/home/oscar2012/.m2/repository/org/apache/httpcomponents/httpclient/4.1.2/httpclient-4.1.2.jar:/home/oscar2012/.m2/repository/org/apache/httpcomponents/httpcore/4.1.2/httpcore-4.1.2.jar:/home/oscar2012/.m2/repository/commons-logging/commons-logging/1.1.1/commons-logging-1.1.1.jar:/home/oscar2012/.m2/repository/commons-codec/commons-codec/1.6/commons-codec-1.6.jar:/home/oscar2012/.m2/repository/org/apache/commons/commons-exec/1.1/commons-exec-1.1.jar:/home/oscar2012/.m2/repository/net/java/dev/jna/jna/3.4.0/jna-3.4.0.jar:/home/oscar2012/.m2/repository/net/java/dev/jna/platform/3.4.0/platform-3.4.0.jar:/home/oscar2012/.m2/repository/org/seleniumhq/selenium/selenium-chrome-driver/2.25.0/selenium-chrome-driver-2.25.0.jar:/home/oscar2012/.m2/repository/org/seleniumhq/selenium/selenium-htmlunit-driver/2.25.0/selenium-htmlunit-driver-2.25.0.jar:/home/oscar2012/.m2/repository/net/sourceforge/htmlunit/htmlunit/2.9/htmlunit-2.9.jar:/home/oscar2012/.m2/repository/xalan/xalan/2.7.1/xalan-2.7.1.jar:/home/oscar2012/.m2/repository/xalan/serializer/2.7.1/serializer-2.7.1.jar:/home/oscar2012/.m2/repository/xml-apis/xml-apis/1.3.04/xml-apis-1.3.04.jar:/home/oscar2012/.m2/repository/commons-collections/commons-collections/3.2.1/commons-collections-3.2.1.jar:/home/oscar2012/.m2/repository/commons-lang/commons-lang/2.6/commons-lang-2.6.jar:/home/oscar2012/.m2/repository/org/apache/httpcomponents/httpmime/4.1.2/httpmime-4.1.2.jar:/home/oscar2012/.m2/repository/net/sourceforge/htmlunit/htmlunit-core-js/2.9/htmlunit-core-js-2.9.jar:/home/oscar2012/.m2/repository/xerces/xercesImpl/2.9.1/xercesImpl-2.9.1.jar:/home/oscar2012/.m2/repository/net/sourceforge/nekohtml/nekohtml/1.9.15/nekohtml-1.9.15.jar:/home/oscar2012/.m2/repository/net/sourceforge/cssparser/cssparser/0.9.5/cssparser-0.9.5.jar:/home/oscar2012/.m2/repository/org/w3c/css/sac/1.3/sac-1.3.jar:/home/oscar2012/.m2/repository/commons-io/commons-io/2.0.1/commons-io-2.0.1.jar:/home/oscar2012/.m2/repository/org/seleniumhq/selenium/selenium-firefox-driver/2.25.0/selenium-firefox-driver-2.25.0.jar:/home/oscar2012/.m2/repository/org/seleniumhq/selenium/selenium-ie-driver/2.25.0/selenium-ie-driver-2.25.0.jar:/home/oscar2012/.m2/repository/org/seleniumhq/selenium/selenium-iphone-driver/2.25.0/selenium-iphone-driver-2.25.0.jar:/home/oscar2012/.m2/repository/org/seleniumhq/selenium/selenium-safari-driver/2.25.0/selenium-safari-driver-2.25.0.jar:/home/oscar2012/.m2/repository/org/webbitserver/webbit/0.4.6/webbit-0.4.6.jar:/home/oscar2012/.m2/repository/org/jboss/netty/netty/3.2.7.Final/netty-3.2.7.Final.jar:/home/oscar2012/.m2/repository/org/seleniumhq/selenium/selenium-support/2.25.0/selenium-support-2.25.0.jar:/home/oscar2012/.m2/repository/org/yaml/snakeyaml/1.8/snakeyaml-1.8.jar:/home/oscar2012/.m2/repository/com/opera/operadriver/0.16/operadriver-0.16.jar:/home/oscar2012/.m2/repository/com/opera/operalaunchers/1.0/operalaunchers-1.0.jar:/home/oscar2012/.m2/repository/com/google/protobuf/protobuf-java/2.4.1/protobuf-java-2.4.1.jar:/home/oscar2012/.m2/repository/commons-jxpath/commons-jxpath/1.3/commons-jxpath-1.3.jar:/home/oscar2012/.m2/repository/org/ini4j/ini4j/0.5.2/ini4j-0.5.2.jar:/home/oscar2012/.m2/repository/junit/junit/4.10/junit-4.10.jar:/home/oscar2012/.m2/repository/org/hamcrest/hamcrest-core/1.1/hamcrest-core-1.1.jar:"/>
    <property name="java.vm.specification.version" value="1.0"/>
    <property name="sun.arch.data.model" value="64"/>
    <property name="java.home" value="/usr/lib/jvm/java-6-sun-1.6.0.32/jre"/>
    <property name="sun.java.command" value="/tmp/surefirebooter7475295811851762612.jar /tmp/surefire1354362475165170226tmp /tmp/surefire7490675060294415674tmp"/>
    <property name="java.specification.vendor" value="Sun Microsystems Inc."/>
    <property name="user.language" value="en"/>
    <property name="java.vm.info" value="mixed mode"/>
    <property name="java.version" value="1.6.0_32"/>
    <property name="java.ext.dirs" value="/usr/lib/jvm/java-6-sun-1.6.0.32/jre/lib/ext:/usr/java/packages/lib/ext"/>
    <property name="sun.boot.class.path" value="/usr/lib/jvm/java-6-sun-1.6.0.32/jre/lib/resources.jar:/usr/lib/jvm/java-6-sun-1.6.0.32/jre/lib/rt.jar:/usr/lib/jvm/java-6-sun-1.6.0.32/jre/lib/sunrsasign.jar:/usr/lib/jvm/java-6-sun-1.6.0.32/jre/lib/jsse.jar:/usr/lib/jvm/java-6-sun-1.6.0.32/jre/lib/jce.jar:/usr/lib/jvm/java-6-sun-1.6.0.32/jre/lib/charsets.jar:/usr/lib/jvm/java-6-sun-1.6.0.32/jre/lib/modules/jdk.boot.jar:/usr/lib/jvm/java-6-sun-1.6.0.32/jre/classes"/>
    <property name="java.vendor" value="Sun Microsystems Inc."/>
    <property name="localRepository" value="/home/oscar2012/.m2/repository"/>
    <property name="file.separator" value="/"/>
    <property name="java.vendor.url.bug" value="http://java.sun.com/cgi-bin/bugreport.cgi"/>
    <property name="sun.cpu.endian" value="little"/>
    <property name="sun.io.unicode.encoding" value="UnicodeLittle"/>
    <property name="sun.desktop" value="gnome"/>
    <property name="sun.cpu.isalist" value=""/>
  </properties>
  <testcase time="3.713" classname="pageObjectTest.login.OscarLoginTest" name="ValidLoginTest"/>
  <testcase time="0.588" classname="pageObjectTest.login.OscarLoginTest" name="InvalidPasswordTest"/>
  <testcase time="0.334" classname="pageObjectTest.login.OscarLoginTest" name="InvalidUsernameTest"/>
</testsuite>